e:\trn_project\trhttpserver\release\vc142.pdb
e:\trn_project\trhttpserver\release\trhttpserver.obj
e:\trn_project\trhttpserver\release\server.obj
e:\trn_project\trhttpserver\release\connection_manager.obj
e:\trn_project\trhttpserver\release\request_parser.obj
e:\trn_project\trhttpserver\release\request_handler.obj
e:\trn_project\trhttpserver\release\reply.obj
e:\trn_project\trhttpserver\release\mime_types.obj
e:\trn_project\trhttpserver\release\connection.obj
e:\trn_project\trhttpserver\release\trhttpserver.exe
e:\trn_project\trhttpserver\release\trhttpserver.pdb
e:\trn_project\trhttpserver\release\trhttpserver.ipdb
e:\trn_project\trhttpserver\release\trhttpserver.iobj
e:\trn_project\trhttpserver\release\trhttpserver.tlog\cl.command.1.tlog
e:\trn_project\trhttpserver\release\trhttpserver.tlog\cl.read.1.tlog
e:\trn_project\trhttpserver\release\trhttpserver.tlog\cl.write.1.tlog
e:\trn_project\trhttpserver\release\trhttpserver.tlog\link.command.1.tlog
e:\trn_project\trhttpserver\release\trhttpserver.tlog\link.read.1.tlog
e:\trn_project\trhttpserver\release\trhttpserver.tlog\link.write.1.tlog
e:\trn_project\trhttpserver\release\trhttpserver.tlog\trhttpserver.write.1u.tlog
